<?xml version="1.0" encoding="UTF-8"?>
<!-- Generated by org.testng.reporters.JUnitXMLReporter -->
<testsuite hostname="Automata" ignored="0" name="FirefoxTest" tests="2" failures="1" timestamp="2022-02-27T14:08:46 EST" time="58.055" errors="0">
  <testcase name="funTest1" time="0.003" classname="PageTests.UpsLoginPageTests"/>
  <testcase name="errorMsgTest" time="8.628" classname="PageTests.UpsLoginPageTests">
    <failure type="java.lang.AssertionError" message="null">
      <![CDATA[java.lang.AssertionError: null
at PageTests.UpsLoginPageTests.errorMsgTest(UpsLoginPageTests.java:49)
at java.util.ArrayList.forEach(ArrayList.java:1259)
at java.util.concurrent.FutureTask.run(FutureTask.java:266)
at java.util.concurrent.ThreadPoolExecutor.runWorker(ThreadPoolExecutor.java:1149)
at java.util.concurrent.ThreadPoolExecutor$Worker.run(ThreadPoolExecutor.java:624)
at java.lang.Thread.run(Thread.java:748)
... Removed 20 stack frames]]>
    </failure>
  </testcase> <!-- errorMsgTest -->
</testsuite> <!-- FirefoxTest -->
